2021-05-26T00:00:30+00:00 CRITICAL Uncaught Error: Unknown named parameter $tasks_meta_id in E:\xampp2\htdocs\lev\lev\app\shop\wp-includes\class-wp-hook.php:292
Stack trace:
#0 E:\xampp2\htdocs\lev\lev\app\shop\wp-includes\class-wp-hook.php(316): WP_Hook->apply_filters('', Array)
#1 E:\xampp2\htdocs\lev\lev\app\shop\wp-includes\plugin.php(551): WP_Hook->do_action(Array)
#2 E:\xampp2\htdocs\lev\lev\app\shop\wp-content\plugins\woocommerce\packages\action-scheduler\classes\actions\ActionScheduler_Action.php(22): do_action_ref_array('wpforms_process...', Array)
#3 E:\xampp2\htdocs\lev\lev\app\shop\wp-content\plugins\woocommerce\packages\action-scheduler\classes\abstracts\ActionScheduler_Abstract_QueueRunner.php(65): ActionScheduler_Action->execute()
#4 E:\xampp2\htdocs\lev\lev\app\shop\wp-content\plugins\woocommerce\packages\action-scheduler\classes\ActionScheduler_QueueRunner.php(162): ActionScheduler_Abstract_QueueRunner->process_action(72, 'WP Cron')
#5 E:\xampp2\htdocs\lev\lev\app\shop\wp-content\plugins\woocommerce\packages\action-scheduler\classes\ActionScheduler_QueueRunner.php(132): ActionScheduler_QueueRunner->do_batch(25, 'WP Cron')
#6 E:\xampp2\htdocs\lev\lev\app\shop\wp-includes\class-wp-hook.php(292): ActionScheduler_QueueRunner->run('WP Cron')
#7 E:\xampp2\htdocs\lev\lev\app\shop\wp-includes\class-wp-hook.php(316): WP_Hook->apply_filters('', Array)
#8 E:\xampp2\htdocs\lev\lev\app\shop\wp-includes\plugin.php(551): WP_Hook->do_action(Array)
#9 E:\xampp2\htdocs\lev\lev\app\shop\wp-cron.php(138): do_action_ref_array('action_schedule...', Array)
#10 {main}
  thrown in E:\xampp2\htdocs\lev\lev\app\shop\wp-includes\class-wp-hook.php on line 292

2021-05-26T15:32:14+00:00 CRITICAL Uncaught Error: Unknown named parameter $tasks_meta_id in E:\xampp2\htdocs\lev\lev\app\shop\wp-includes\class-wp-hook.php:292
Stack trace:
#0 E:\xampp2\htdocs\lev\lev\app\shop\wp-includes\class-wp-hook.php(316): WP_Hook->apply_filters('', Array)
#1 E:\xampp2\htdocs\lev\lev\app\shop\wp-includes\plugin.php(551): WP_Hook->do_action(Array)
#2 E:\xampp2\htdocs\lev\lev\app\shop\wp-content\plugins\woocommerce\packages\action-scheduler\classes\actions\ActionScheduler_Action.php(22): do_action_ref_array('wpforms_email_s...', Array)
#3 E:\xampp2\htdocs\lev\lev\app\shop\wp-content\plugins\woocommerce\packages\action-scheduler\classes\abstracts\ActionScheduler_Abstract_QueueRunner.php(65): ActionScheduler_Action->execute()
#4 E:\xampp2\htdocs\lev\lev\app\shop\wp-content\plugins\woocommerce\packages\action-scheduler\classes\ActionScheduler_QueueRunner.php(162): ActionScheduler_Abstract_QueueRunner->process_action(71, 'WP Cron')
#5 E:\xampp2\htdocs\lev\lev\app\shop\wp-content\plugins\woocommerce\packages\action-scheduler\classes\ActionScheduler_QueueRunner.php(132): ActionScheduler_QueueRunner->do_batch(25, 'WP Cron')
#6 E:\xampp2\htdocs\lev\lev\app\shop\wp-includes\class-wp-hook.php(292): ActionScheduler_QueueRunner->run('WP Cron')
#7 E:\xampp2\htdocs\lev\lev\app\shop\wp-includes\class-wp-hook.php(316): WP_Hook->apply_filters('', Array)
#8 E:\xampp2\htdocs\lev\lev\app\shop\wp-includes\plugin.php(551): WP_Hook->do_action(Array)
#9 E:\xampp2\htdocs\lev\lev\app\shop\wp-cron.php(138): do_action_ref_array('action_schedule...', Array)
#10 {main}
  thrown in E:\xampp2\htdocs\lev\lev\app\shop\wp-includes\class-wp-hook.php on line 292

2021-05-26T15:45:00+00:00 CRITICAL Uncaught Error: Unknown named parameter $tasks_meta_id in E:\xampp2\htdocs\lev\lev\app\shop\wp-includes\class-wp-hook.php:292
Stack trace:
#0 E:\xampp2\htdocs\lev\lev\app\shop\wp-includes\class-wp-hook.php(316): WP_Hook->apply_filters('', Array)
#1 E:\xampp2\htdocs\lev\lev\app\shop\wp-includes\plugin.php(551): WP_Hook->do_action(Array)
#2 E:\xampp2\htdocs\lev\lev\app\shop\wp-content\plugins\woocommerce\packages\action-scheduler\classes\actions\ActionScheduler_Action.php(22): do_action_ref_array('wpforms_admin_n...', Array)
#3 E:\xampp2\htdocs\lev\lev\app\shop\wp-content\plugins\woocommerce\packages\action-scheduler\classes\abstracts\ActionScheduler_Abstract_QueueRunner.php(65): ActionScheduler_Action->execute()
#4 E:\xampp2\htdocs\lev\lev\app\shop\wp-content\plugins\woocommerce\packages\action-scheduler\classes\ActionScheduler_QueueRunner.php(162): ActionScheduler_Abstract_QueueRunner->process_action(99, 'WP Cron')
#5 E:\xampp2\htdocs\lev\lev\app\shop\wp-content\plugins\woocommerce\packages\action-scheduler\classes\ActionScheduler_QueueRunner.php(132): ActionScheduler_QueueRunner->do_batch(25, 'WP Cron')
#6 E:\xampp2\htdocs\lev\lev\app\shop\wp-includes\class-wp-hook.php(292): ActionScheduler_QueueRunner->run('WP Cron')
#7 E:\xampp2\htdocs\lev\lev\app\shop\wp-includes\class-wp-hook.php(316): WP_Hook->apply_filters('', Array)
#8 E:\xampp2\htdocs\lev\lev\app\shop\wp-includes\plugin.php(551): WP_Hook->do_action(Array)
#9 E:\xampp2\htdocs\lev\lev\app\shop\wp-cron.php(138): do_action_ref_array('action_schedule...', Array)
#10 {main}
  thrown in E:\xampp2\htdocs\lev\lev\app\shop\wp-includes\class-wp-hook.php on line 292

2021-05-26T15:49:04+00:00 CRITICAL Uncaught Error: Unknown named parameter $tasks_meta_id in E:\xampp2\htdocs\lev\lev\app\shop\wp-includes\class-wp-hook.php:292
Stack trace:
#0 E:\xampp2\htdocs\lev\lev\app\shop\wp-includes\class-wp-hook.php(316): WP_Hook->apply_filters('', Array)
#1 E:\xampp2\htdocs\lev\lev\app\shop\wp-includes\plugin.php(551): WP_Hook->do_action(Array)
#2 E:\xampp2\htdocs\lev\lev\app\shop\wp-content\plugins\woocommerce\packages\action-scheduler\classes\actions\ActionScheduler_Action.php(22): do_action_ref_array('wpforms_admin_n...', Array)
#3 E:\xampp2\htdocs\lev\lev\app\shop\wp-content\plugins\woocommerce\packages\action-scheduler\classes\abstracts\ActionScheduler_Abstract_QueueRunner.php(65): ActionScheduler_Action->execute()
#4 E:\xampp2\htdocs\lev\lev\app\shop\wp-content\plugins\woocommerce\packages\action-scheduler\classes\ActionScheduler_QueueRunner.php(162): ActionScheduler_Abstract_QueueRunner->process_action(100, 'Async Request')
#5 E:\xampp2\htdocs\lev\lev\app\shop\wp-content\plugins\woocommerce\packages\action-scheduler\classes\ActionScheduler_QueueRunner.php(132): ActionScheduler_QueueRunner->do_batch(25, 'Async Request')
#6 E:\xampp2\htdocs\lev\lev\app\shop\wp-includes\class-wp-hook.php(292): ActionScheduler_QueueRunner->run('Async Request')
#7 E:\xampp2\htdocs\lev\lev\app\shop\wp-includes\class-wp-hook.php(316): WP_Hook->apply_filters('', Array)
#8 E:\xampp2\htdocs\lev\lev\app\shop\wp-includes\plugin.php(484): WP_Hook->do_action(Array)
#9 E:\xampp2\htdocs\lev\lev\app\shop\wp-content\plugins\woocommerce\packages\action-scheduler\classes\ActionScheduler_AsyncRequest_QueueRunner.php(52): do_action('action_schedule...', 'Async Request')
#10 E:\xampp2\htdocs\lev\lev\app\shop\wp-content\plugins\woocommerce\includes\libraries\wp-async-request.php(147): ActionScheduler_AsyncRequest_QueueRunner->handle()
#11 E:\xampp2\htdocs\lev\lev\app\shop\wp-includes\class-wp-hook.php(292): WP_Async_Request->maybe_handle('')
#12 E:\xampp2\htdocs\lev\lev\app\shop\wp-includes\class-wp-hook.php(316): WP_Hook->apply_filters('', Array)
#13 E:\xampp2\htdocs\lev\lev\app\shop\wp-includes\plugin.php(484): WP_Hook->do_action(Array)
#14 E:\xampp2\htdocs\lev\lev\app\shop\wp-admin\admin-ajax.php(187): do_action('wp_ajax_as_asyn...')
#15 {main}
  thrown in E:\xampp2\htdocs\lev\lev\app\shop\wp-includes\class-wp-hook.php on line 292

2021-05-26T16:05:39+00:00 CRITICAL Uncaught Error: Unknown named parameter $tasks_meta_id in E:\xampp2\htdocs\lev\lev\app\shop\wp-includes\class-wp-hook.php:292
Stack trace:
#0 E:\xampp2\htdocs\lev\lev\app\shop\wp-includes\class-wp-hook.php(316): WP_Hook->apply_filters('', Array)
#1 E:\xampp2\htdocs\lev\lev\app\shop\wp-includes\plugin.php(551): WP_Hook->do_action(Array)
#2 E:\xampp2\htdocs\lev\lev\app\shop\wp-content\plugins\woocommerce\packages\action-scheduler\classes\actions\ActionScheduler_Action.php(22): do_action_ref_array('wpforms_email_s...', Array)
#3 E:\xampp2\htdocs\lev\lev\app\shop\wp-content\plugins\woocommerce\packages\action-scheduler\classes\abstracts\ActionScheduler_Abstract_QueueRunner.php(65): ActionScheduler_Action->execute()
#4 E:\xampp2\htdocs\lev\lev\app\shop\wp-content\plugins\woocommerce\packages\action-scheduler\classes\ActionScheduler_QueueRunner.php(162): ActionScheduler_Abstract_QueueRunner->process_action(71, 'WP Cron')
#5 E:\xampp2\htdocs\lev\lev\app\shop\wp-content\plugins\woocommerce\packages\action-scheduler\classes\ActionScheduler_QueueRunner.php(132): ActionScheduler_QueueRunner->do_batch(25, 'WP Cron')
#6 E:\xampp2\htdocs\lev\lev\app\shop\wp-includes\class-wp-hook.php(292): ActionScheduler_QueueRunner->run('WP Cron')
#7 E:\xampp2\htdocs\lev\lev\app\shop\wp-includes\class-wp-hook.php(316): WP_Hook->apply_filters('', Array)
#8 E:\xampp2\htdocs\lev\lev\app\shop\wp-includes\plugin.php(551): WP_Hook->do_action(Array)
#9 E:\xampp2\htdocs\lev\lev\app\shop\wp-cron.php(138): do_action_ref_array('action_schedule...', Array)
#10 {main}
  thrown in E:\xampp2\htdocs\lev\lev\app\shop\wp-includes\class-wp-hook.php on line 292

2021-05-26T16:07:03+00:00 CRITICAL Uncaught Error: Unknown named parameter $tasks_meta_id in E:\xampp2\htdocs\lev\lev\app\shop\wp-includes\class-wp-hook.php:292
Stack trace:
#0 E:\xampp2\htdocs\lev\lev\app\shop\wp-includes\class-wp-hook.php(316): WP_Hook->apply_filters('', Array)
#1 E:\xampp2\htdocs\lev\lev\app\shop\wp-includes\plugin.php(551): WP_Hook->do_action(Array)
#2 E:\xampp2\htdocs\lev\lev\app\shop\wp-content\plugins\woocommerce\packages\action-scheduler\classes\actions\ActionScheduler_Action.php(22): do_action_ref_array('wpforms_admin_n...', Array)
#3 E:\xampp2\htdocs\lev\lev\app\shop\wp-content\plugins\woocommerce\packages\action-scheduler\classes\abstracts\ActionScheduler_Abstract_QueueRunner.php(65): ActionScheduler_Action->execute()
#4 E:\xampp2\htdocs\lev\lev\app\shop\wp-content\plugins\woocommerce\packages\action-scheduler\classes\ActionScheduler_QueueRunner.php(162): ActionScheduler_Abstract_QueueRunner->process_action(99, 'Async Request')
#5 E:\xampp2\htdocs\lev\lev\app\shop\wp-content\plugins\woocommerce\packages\action-scheduler\classes\ActionScheduler_QueueRunner.php(132): ActionScheduler_QueueRunner->do_batch(25, 'Async Request')
#6 E:\xampp2\htdocs\lev\lev\app\shop\wp-includes\class-wp-hook.php(292): ActionScheduler_QueueRunner->run('Async Request')
#7 E:\xampp2\htdocs\lev\lev\app\shop\wp-includes\class-wp-hook.php(316): WP_Hook->apply_filters('', Array)
#8 E:\xampp2\htdocs\lev\lev\app\shop\wp-includes\plugin.php(484): WP_Hook->do_action(Array)
#9 E:\xampp2\htdocs\lev\lev\app\shop\wp-content\plugins\woocommerce\packages\action-scheduler\classes\ActionScheduler_AsyncRequest_QueueRunner.php(52): do_action('action_schedule...', 'Async Request')
#10 E:\xampp2\htdocs\lev\lev\app\shop\wp-content\plugins\woocommerce\includes\libraries\wp-async-request.php(147): ActionScheduler_AsyncRequest_QueueRunner->handle()
#11 E:\xampp2\htdocs\lev\lev\app\shop\wp-includes\class-wp-hook.php(292): WP_Async_Request->maybe_handle('')
#12 E:\xampp2\htdocs\lev\lev\app\shop\wp-includes\class-wp-hook.php(316): WP_Hook->apply_filters('', Array)
#13 E:\xampp2\htdocs\lev\lev\app\shop\wp-includes\plugin.php(484): WP_Hook->do_action(Array)
#14 E:\xampp2\htdocs\lev\lev\app\shop\wp-admin\admin-ajax.php(187): do_action('wp_ajax_as_asyn...')
#15 {main}
  thrown in E:\xampp2\htdocs\lev\lev\app\shop\wp-includes\class-wp-hook.php on line 292

