2021-05-25T00:39:18+00:00 CRITICAL Uncaught Error: Unknown named parameter $tasks_meta_id in E:\xampp2\htdocs\lev\lev\app\wordpress\wp-includes\class-wp-hook.php:292
Stack trace:
#0 E:\xampp2\htdocs\lev\lev\app\wordpress\wp-includes\class-wp-hook.php(316): WP_Hook->apply_filters('', Array)
#1 E:\xampp2\htdocs\lev\lev\app\wordpress\wp-includes\plugin.php(551): WP_Hook->do_action(Array)
#2 E:\xampp2\htdocs\lev\lev\app\wordpress\wp-content\plugins\woocommerce\packages\action-scheduler\classes\actions\ActionScheduler_Action.php(22): do_action_ref_array('wpforms_process...', Array)
#3 E:\xampp2\htdocs\lev\lev\app\wordpress\wp-content\plugins\woocommerce\packages\action-scheduler\classes\abstracts\ActionScheduler_Abstract_QueueRunner.php(65): ActionScheduler_Action->execute()
#4 E:\xampp2\htdocs\lev\lev\app\wordpress\wp-content\plugins\woocommerce\packages\action-scheduler\classes\ActionScheduler_QueueRunner.php(162): ActionScheduler_Abstract_QueueRunner->process_action(12, 'WP Cron')
#5 E:\xampp2\htdocs\lev\lev\app\wordpress\wp-content\plugins\woocommerce\packages\action-scheduler\classes\ActionScheduler_QueueRunner.php(132): ActionScheduler_QueueRunner->do_batch(25, 'WP Cron')
#6 E:\xampp2\htdocs\lev\lev\app\wordpress\wp-includes\class-wp-hook.php(292): ActionScheduler_QueueRunner->run('WP Cron')
#7 E:\xampp2\htdocs\lev\lev\app\wordpress\wp-includes\class-wp-hook.php(316): WP_Hook->apply_filters('', Array)
#8 E:\xampp2\htdocs\lev\lev\app\wordpress\wp-includes\plugin.php(551): WP_Hook->do_action(Array)
#9 E:\xampp2\htdocs\lev\lev\app\wordpress\wp-cron.php(138): do_action_ref_array('action_schedule...', Array)
#10 {main}
  thrown in E:\xampp2\htdocs\lev\lev\app\wordpress\wp-includes\class-wp-hook.php on line 292

2021-05-25T04:22:16+00:00 CRITICAL Uncaught Error: Unknown named parameter $tasks_meta_id in E:\xampp2\htdocs\lev\lev\app\wordpress\wp-includes\class-wp-hook.php:292
Stack trace:
#0 E:\xampp2\htdocs\lev\lev\app\wordpress\wp-includes\class-wp-hook.php(316): WP_Hook->apply_filters('', Array)
#1 E:\xampp2\htdocs\lev\lev\app\wordpress\wp-includes\plugin.php(551): WP_Hook->do_action(Array)
#2 E:\xampp2\htdocs\lev\lev\app\wordpress\wp-content\plugins\woocommerce\packages\action-scheduler\classes\actions\ActionScheduler_Action.php(22): do_action_ref_array('wpforms_admin_n...', Array)
#3 E:\xampp2\htdocs\lev\lev\app\wordpress\wp-content\plugins\woocommerce\packages\action-scheduler\classes\abstracts\ActionScheduler_Abstract_QueueRunner.php(65): ActionScheduler_Action->execute()
#4 E:\xampp2\htdocs\lev\lev\app\wordpress\wp-content\plugins\woocommerce\packages\action-scheduler\classes\ActionScheduler_QueueRunner.php(162): ActionScheduler_Abstract_QueueRunner->process_action(73, 'Async Request')
#5 E:\xampp2\htdocs\lev\lev\app\wordpress\wp-content\plugins\woocommerce\packages\action-scheduler\classes\ActionScheduler_QueueRunner.php(132): ActionScheduler_QueueRunner->do_batch(25, 'Async Request')
#6 E:\xampp2\htdocs\lev\lev\app\wordpress\wp-includes\class-wp-hook.php(292): ActionScheduler_QueueRunner->run('Async Request')
#7 E:\xampp2\htdocs\lev\lev\app\wordpress\wp-includes\class-wp-hook.php(316): WP_Hook->apply_filters('', Array)
#8 E:\xampp2\htdocs\lev\lev\app\wordpress\wp-includes\plugin.php(484): WP_Hook->do_action(Array)
#9 E:\xampp2\htdocs\lev\lev\app\wordpress\wp-content\plugins\woocommerce\packages\action-scheduler\classes\ActionScheduler_AsyncRequest_QueueRunner.php(52): do_action('action_schedule...', 'Async Request')
#10 E:\xampp2\htdocs\lev\lev\app\wordpress\wp-content\plugins\woocommerce\includes\libraries\wp-async-request.php(147): ActionScheduler_AsyncRequest_QueueRunner->handle()
#11 E:\xampp2\htdocs\lev\lev\app\wordpress\wp-includes\class-wp-hook.php(292): WP_Async_Request->maybe_handle('')
#12 E:\xampp2\htdocs\lev\lev\app\wordpress\wp-includes\class-wp-hook.php(316): WP_Hook->apply_filters('', Array)
#13 E:\xampp2\htdocs\lev\lev\app\wordpress\wp-includes\plugin.php(484): WP_Hook->do_action(Array)
#14 E:\xampp2\htdocs\lev\lev\app\wordpress\wp-admin\admin-ajax.php(187): do_action('wp_ajax_as_asyn...')
#15 {main}
  thrown in E:\xampp2\htdocs\lev\lev\app\wordpress\wp-includes\class-wp-hook.php on line 292

2021-05-25T04:26:52+00:00 CRITICAL Uncaught Error: Unknown named parameter $tasks_meta_id in E:\xampp2\htdocs\lev\lev\app\wordpress\wp-includes\class-wp-hook.php:292
Stack trace:
#0 E:\xampp2\htdocs\lev\lev\app\wordpress\wp-includes\class-wp-hook.php(316): WP_Hook->apply_filters('', Array)
#1 E:\xampp2\htdocs\lev\lev\app\wordpress\wp-includes\plugin.php(551): WP_Hook->do_action(Array)
#2 E:\xampp2\htdocs\lev\lev\app\wordpress\wp-content\plugins\woocommerce\packages\action-scheduler\classes\actions\ActionScheduler_Action.php(22): do_action_ref_array('wpforms_admin_n...', Array)
#3 E:\xampp2\htdocs\lev\lev\app\wordpress\wp-content\plugins\woocommerce\packages\action-scheduler\classes\abstracts\ActionScheduler_Abstract_QueueRunner.php(65): ActionScheduler_Action->execute()
#4 E:\xampp2\htdocs\lev\lev\app\wordpress\wp-content\plugins\woocommerce\packages\action-scheduler\classes\ActionScheduler_QueueRunner.php(162): ActionScheduler_Abstract_QueueRunner->process_action(74, 'WP Cron')
#5 E:\xampp2\htdocs\lev\lev\app\wordpress\wp-content\plugins\woocommerce\packages\action-scheduler\classes\ActionScheduler_QueueRunner.php(132): ActionScheduler_QueueRunner->do_batch(25, 'WP Cron')
#6 E:\xampp2\htdocs\lev\lev\app\wordpress\wp-includes\class-wp-hook.php(292): ActionScheduler_QueueRunner->run('WP Cron')
#7 E:\xampp2\htdocs\lev\lev\app\wordpress\wp-includes\class-wp-hook.php(316): WP_Hook->apply_filters('', Array)
#8 E:\xampp2\htdocs\lev\lev\app\wordpress\wp-includes\plugin.php(551): WP_Hook->do_action(Array)
#9 E:\xampp2\htdocs\lev\lev\app\wordpress\wp-cron.php(138): do_action_ref_array('action_schedule...', Array)
#10 {main}
  thrown in E:\xampp2\htdocs\lev\lev\app\wordpress\wp-includes\class-wp-hook.php on line 292

2021-05-25T04:27:57+00:00 CRITICAL Uncaught Error: Unknown named parameter $tasks_meta_id in E:\xampp2\htdocs\lev\lev\app\wordpress\wp-includes\class-wp-hook.php:292
Stack trace:
#0 E:\xampp2\htdocs\lev\lev\app\wordpress\wp-includes\class-wp-hook.php(316): WP_Hook->apply_filters('', Array)
#1 E:\xampp2\htdocs\lev\lev\app\wordpress\wp-includes\plugin.php(551): WP_Hook->do_action(Array)
#2 E:\xampp2\htdocs\lev\lev\app\wordpress\wp-content\plugins\woocommerce\packages\action-scheduler\classes\actions\ActionScheduler_Action.php(22): do_action_ref_array('wpforms_admin_n...', Array)
#3 E:\xampp2\htdocs\lev\lev\app\wordpress\wp-content\plugins\woocommerce\packages\action-scheduler\classes\abstracts\ActionScheduler_Abstract_QueueRunner.php(65): ActionScheduler_Action->execute()
#4 E:\xampp2\htdocs\lev\lev\app\wordpress\wp-content\plugins\woocommerce\packages\action-scheduler\classes\ActionScheduler_QueueRunner.php(162): ActionScheduler_Abstract_QueueRunner->process_action(75, 'WP Cron')
#5 E:\xampp2\htdocs\lev\lev\app\wordpress\wp-content\plugins\woocommerce\packages\action-scheduler\classes\ActionScheduler_QueueRunner.php(132): ActionScheduler_QueueRunner->do_batch(25, 'WP Cron')
#6 E:\xampp2\htdocs\lev\lev\app\wordpress\wp-includes\class-wp-hook.php(292): ActionScheduler_QueueRunner->run('WP Cron')
#7 E:\xampp2\htdocs\lev\lev\app\wordpress\wp-includes\class-wp-hook.php(316): WP_Hook->apply_filters('', Array)
#8 E:\xampp2\htdocs\lev\lev\app\wordpress\wp-includes\plugin.php(551): WP_Hook->do_action(Array)
#9 E:\xampp2\htdocs\lev\lev\app\wordpress\wp-cron.php(138): do_action_ref_array('action_schedule...', Array)
#10 {main}
  thrown in E:\xampp2\htdocs\lev\lev\app\wordpress\wp-includes\class-wp-hook.php on line 292

2021-05-25T04:29:46+00:00 CRITICAL Uncaught Error: Unknown named parameter $tasks_meta_id in E:\xampp2\htdocs\lev\lev\app\wordpress\wp-includes\class-wp-hook.php:292
Stack trace:
#0 E:\xampp2\htdocs\lev\lev\app\wordpress\wp-includes\class-wp-hook.php(316): WP_Hook->apply_filters('', Array)
#1 E:\xampp2\htdocs\lev\lev\app\wordpress\wp-includes\plugin.php(551): WP_Hook->do_action(Array)
#2 E:\xampp2\htdocs\lev\lev\app\wordpress\wp-content\plugins\woocommerce\packages\action-scheduler\classes\actions\ActionScheduler_Action.php(22): do_action_ref_array('wpforms_admin_n...', Array)
#3 E:\xampp2\htdocs\lev\lev\app\wordpress\wp-content\plugins\woocommerce\packages\action-scheduler\classes\abstracts\ActionScheduler_Abstract_QueueRunner.php(65): ActionScheduler_Action->execute()
#4 E:\xampp2\htdocs\lev\lev\app\wordpress\wp-content\plugins\woocommerce\packages\action-scheduler\classes\ActionScheduler_QueueRunner.php(162): ActionScheduler_Abstract_QueueRunner->process_action(76, 'WP Cron')
#5 E:\xampp2\htdocs\lev\lev\app\wordpress\wp-content\plugins\woocommerce\packages\action-scheduler\classes\ActionScheduler_QueueRunner.php(132): ActionScheduler_QueueRunner->do_batch(25, 'WP Cron')
#6 E:\xampp2\htdocs\lev\lev\app\wordpress\wp-includes\class-wp-hook.php(292): ActionScheduler_QueueRunner->run('WP Cron')
#7 E:\xampp2\htdocs\lev\lev\app\wordpress\wp-includes\class-wp-hook.php(316): WP_Hook->apply_filters('', Array)
#8 E:\xampp2\htdocs\lev\lev\app\wordpress\wp-includes\plugin.php(551): WP_Hook->do_action(Array)
#9 E:\xampp2\htdocs\lev\lev\app\wordpress\wp-cron.php(138): do_action_ref_array('action_schedule...', Array)
#10 {main}
  thrown in E:\xampp2\htdocs\lev\lev\app\wordpress\wp-includes\class-wp-hook.php on line 292

2021-05-25T04:30:17+00:00 CRITICAL Uncaught Error: Unknown named parameter $tasks_meta_id in E:\xampp2\htdocs\lev\lev\app\wordpress\wp-includes\class-wp-hook.php:292
Stack trace:
#0 E:\xampp2\htdocs\lev\lev\app\wordpress\wp-includes\class-wp-hook.php(316): WP_Hook->apply_filters('', Array)
#1 E:\xampp2\htdocs\lev\lev\app\wordpress\wp-includes\plugin.php(551): WP_Hook->do_action(Array)
#2 E:\xampp2\htdocs\lev\lev\app\wordpress\wp-content\plugins\woocommerce\packages\action-scheduler\classes\actions\ActionScheduler_Action.php(22): do_action_ref_array('wpforms_admin_n...', Array)
#3 E:\xampp2\htdocs\lev\lev\app\wordpress\wp-content\plugins\woocommerce\packages\action-scheduler\classes\abstracts\ActionScheduler_Abstract_QueueRunner.php(65): ActionScheduler_Action->execute()
#4 E:\xampp2\htdocs\lev\lev\app\wordpress\wp-content\plugins\woocommerce\packages\action-scheduler\classes\ActionScheduler_QueueRunner.php(162): ActionScheduler_Abstract_QueueRunner->process_action(77, 'Async Request')
#5 E:\xampp2\htdocs\lev\lev\app\wordpress\wp-content\plugins\woocommerce\packages\action-scheduler\classes\ActionScheduler_QueueRunner.php(132): ActionScheduler_QueueRunner->do_batch(25, 'Async Request')
#6 E:\xampp2\htdocs\lev\lev\app\wordpress\wp-includes\class-wp-hook.php(292): ActionScheduler_QueueRunner->run('Async Request')
#7 E:\xampp2\htdocs\lev\lev\app\wordpress\wp-includes\class-wp-hook.php(316): WP_Hook->apply_filters('', Array)
#8 E:\xampp2\htdocs\lev\lev\app\wordpress\wp-includes\plugin.php(484): WP_Hook->do_action(Array)
#9 E:\xampp2\htdocs\lev\lev\app\wordpress\wp-content\plugins\woocommerce\packages\action-scheduler\classes\ActionScheduler_AsyncRequest_QueueRunner.php(52): do_action('action_schedule...', 'Async Request')
#10 E:\xampp2\htdocs\lev\lev\app\wordpress\wp-content\plugins\woocommerce\includes\libraries\wp-async-request.php(147): ActionScheduler_AsyncRequest_QueueRunner->handle()
#11 E:\xampp2\htdocs\lev\lev\app\wordpress\wp-includes\class-wp-hook.php(292): WP_Async_Request->maybe_handle('')
#12 E:\xampp2\htdocs\lev\lev\app\wordpress\wp-includes\class-wp-hook.php(316): WP_Hook->apply_filters('', Array)
#13 E:\xampp2\htdocs\lev\lev\app\wordpress\wp-includes\plugin.php(484): WP_Hook->do_action(Array)
#14 E:\xampp2\htdocs\lev\lev\app\wordpress\wp-admin\admin-ajax.php(187): do_action('wp_ajax_as_asyn...')
#15 {main}
  thrown in E:\xampp2\htdocs\lev\lev\app\wordpress\wp-includes\class-wp-hook.php on line 292

2021-05-25T04:30:58+00:00 CRITICAL Uncaught Error: Unknown named parameter $tasks_meta_id in E:\xampp2\htdocs\lev\lev\app\wordpress\wp-includes\class-wp-hook.php:292
Stack trace:
#0 E:\xampp2\htdocs\lev\lev\app\wordpress\wp-includes\class-wp-hook.php(316): WP_Hook->apply_filters('', Array)
#1 E:\xampp2\htdocs\lev\lev\app\wordpress\wp-includes\plugin.php(551): WP_Hook->do_action(Array)
#2 E:\xampp2\htdocs\lev\lev\app\wordpress\wp-content\plugins\woocommerce\packages\action-scheduler\classes\actions\ActionScheduler_Action.php(22): do_action_ref_array('wpforms_admin_n...', Array)
#3 E:\xampp2\htdocs\lev\lev\app\wordpress\wp-content\plugins\woocommerce\packages\action-scheduler\classes\abstracts\ActionScheduler_Abstract_QueueRunner.php(65): ActionScheduler_Action->execute()
#4 E:\xampp2\htdocs\lev\lev\app\wordpress\wp-content\plugins\woocommerce\packages\action-scheduler\classes\ActionScheduler_QueueRunner.php(162): ActionScheduler_Abstract_QueueRunner->process_action(78, 'WP Cron')
#5 E:\xampp2\htdocs\lev\lev\app\wordpress\wp-content\plugins\woocommerce\packages\action-scheduler\classes\ActionScheduler_QueueRunner.php(132): ActionScheduler_QueueRunner->do_batch(25, 'WP Cron')
#6 E:\xampp2\htdocs\lev\lev\app\wordpress\wp-includes\class-wp-hook.php(292): ActionScheduler_QueueRunner->run('WP Cron')
#7 E:\xampp2\htdocs\lev\lev\app\wordpress\wp-includes\class-wp-hook.php(316): WP_Hook->apply_filters('', Array)
#8 E:\xampp2\htdocs\lev\lev\app\wordpress\wp-includes\plugin.php(551): WP_Hook->do_action(Array)
#9 E:\xampp2\htdocs\lev\lev\app\wordpress\wp-cron.php(138): do_action_ref_array('action_schedule...', Array)
#10 {main}
  thrown in E:\xampp2\htdocs\lev\lev\app\wordpress\wp-includes\class-wp-hook.php on line 292

2021-05-25T04:31:57+00:00 CRITICAL Uncaught Error: Unknown named parameter $tasks_meta_id in E:\xampp2\htdocs\lev\lev\app\wordpress\wp-includes\class-wp-hook.php:292
Stack trace:
#0 E:\xampp2\htdocs\lev\lev\app\wordpress\wp-includes\class-wp-hook.php(316): WP_Hook->apply_filters('', Array)
#1 E:\xampp2\htdocs\lev\lev\app\wordpress\wp-includes\plugin.php(551): WP_Hook->do_action(Array)
#2 E:\xampp2\htdocs\lev\lev\app\wordpress\wp-content\plugins\woocommerce\packages\action-scheduler\classes\actions\ActionScheduler_Action.php(22): do_action_ref_array('wpforms_admin_n...', Array)
#3 E:\xampp2\htdocs\lev\lev\app\wordpress\wp-content\plugins\woocommerce\packages\action-scheduler\classes\abstracts\ActionScheduler_Abstract_QueueRunner.php(65): ActionScheduler_Action->execute()
#4 E:\xampp2\htdocs\lev\lev\app\wordpress\wp-content\plugins\woocommerce\packages\action-scheduler\classes\ActionScheduler_QueueRunner.php(162): ActionScheduler_Abstract_QueueRunner->process_action(79, 'Async Request')
#5 E:\xampp2\htdocs\lev\lev\app\wordpress\wp-content\plugins\woocommerce\packages\action-scheduler\classes\ActionScheduler_QueueRunner.php(132): ActionScheduler_QueueRunner->do_batch(25, 'Async Request')
#6 E:\xampp2\htdocs\lev\lev\app\wordpress\wp-includes\class-wp-hook.php(292): ActionScheduler_QueueRunner->run('Async Request')
#7 E:\xampp2\htdocs\lev\lev\app\wordpress\wp-includes\class-wp-hook.php(316): WP_Hook->apply_filters('', Array)
#8 E:\xampp2\htdocs\lev\lev\app\wordpress\wp-includes\plugin.php(484): WP_Hook->do_action(Array)
#9 E:\xampp2\htdocs\lev\lev\app\wordpress\wp-content\plugins\woocommerce\packages\action-scheduler\classes\ActionScheduler_AsyncRequest_QueueRunner.php(52): do_action('action_schedule...', 'Async Request')
#10 E:\xampp2\htdocs\lev\lev\app\wordpress\wp-content\plugins\woocommerce\includes\libraries\wp-async-request.php(147): ActionScheduler_AsyncRequest_QueueRunner->handle()
#11 E:\xampp2\htdocs\lev\lev\app\wordpress\wp-includes\class-wp-hook.php(292): WP_Async_Request->maybe_handle('')
#12 E:\xampp2\htdocs\lev\lev\app\wordpress\wp-includes\class-wp-hook.php(316): WP_Hook->apply_filters('', Array)
#13 E:\xampp2\htdocs\lev\lev\app\wordpress\wp-includes\plugin.php(484): WP_Hook->do_action(Array)
#14 E:\xampp2\htdocs\lev\lev\app\wordpress\wp-admin\admin-ajax.php(187): do_action('wp_ajax_as_asyn...')
#15 {main}
  thrown in E:\xampp2\htdocs\lev\lev\app\wordpress\wp-includes\class-wp-hook.php on line 292

2021-05-25T04:32:52+00:00 CRITICAL Uncaught Error: Unknown named parameter $tasks_meta_id in E:\xampp2\htdocs\lev\lev\app\wordpress\wp-includes\class-wp-hook.php:292
Stack trace:
#0 E:\xampp2\htdocs\lev\lev\app\wordpress\wp-includes\class-wp-hook.php(316): WP_Hook->apply_filters('', Array)
#1 E:\xampp2\htdocs\lev\lev\app\wordpress\wp-includes\plugin.php(551): WP_Hook->do_action(Array)
#2 E:\xampp2\htdocs\lev\lev\app\wordpress\wp-content\plugins\woocommerce\packages\action-scheduler\classes\actions\ActionScheduler_Action.php(22): do_action_ref_array('wpforms_admin_n...', Array)
#3 E:\xampp2\htdocs\lev\lev\app\wordpress\wp-content\plugins\woocommerce\packages\action-scheduler\classes\abstracts\ActionScheduler_Abstract_QueueRunner.php(65): ActionScheduler_Action->execute()
#4 E:\xampp2\htdocs\lev\lev\app\wordpress\wp-content\plugins\woocommerce\packages\action-scheduler\classes\ActionScheduler_QueueRunner.php(162): ActionScheduler_Abstract_QueueRunner->process_action(80, 'WP Cron')
#5 E:\xampp2\htdocs\lev\lev\app\wordpress\wp-content\plugins\woocommerce\packages\action-scheduler\classes\ActionScheduler_QueueRunner.php(132): ActionScheduler_QueueRunner->do_batch(25, 'WP Cron')
#6 E:\xampp2\htdocs\lev\lev\app\wordpress\wp-includes\class-wp-hook.php(292): ActionScheduler_QueueRunner->run('WP Cron')
#7 E:\xampp2\htdocs\lev\lev\app\wordpress\wp-includes\class-wp-hook.php(316): WP_Hook->apply_filters('', Array)
#8 E:\xampp2\htdocs\lev\lev\app\wordpress\wp-includes\plugin.php(551): WP_Hook->do_action(Array)
#9 E:\xampp2\htdocs\lev\lev\app\wordpress\wp-cron.php(138): do_action_ref_array('action_schedule...', Array)
#10 {main}
  thrown in E:\xampp2\htdocs\lev\lev\app\wordpress\wp-includes\class-wp-hook.php on line 292

2021-05-25T04:33:00+00:00 CRITICAL Uncaught Error: Unknown named parameter $tasks_meta_id in E:\xampp2\htdocs\lev\lev\app\wordpress\wp-includes\class-wp-hook.php:292
Stack trace:
#0 E:\xampp2\htdocs\lev\lev\app\wordpress\wp-includes\class-wp-hook.php(316): WP_Hook->apply_filters('', Array)
#1 E:\xampp2\htdocs\lev\lev\app\wordpress\wp-includes\plugin.php(551): WP_Hook->do_action(Array)
#2 E:\xampp2\htdocs\lev\lev\app\wordpress\wp-content\plugins\woocommerce\packages\action-scheduler\classes\actions\ActionScheduler_Action.php(22): do_action_ref_array('wpforms_admin_n...', Array)
#3 E:\xampp2\htdocs\lev\lev\app\wordpress\wp-content\plugins\woocommerce\packages\action-scheduler\classes\abstracts\ActionScheduler_Abstract_QueueRunner.php(65): ActionScheduler_Action->execute()
#4 E:\xampp2\htdocs\lev\lev\app\wordpress\wp-content\plugins\woocommerce\packages\action-scheduler\classes\ActionScheduler_QueueRunner.php(162): ActionScheduler_Abstract_QueueRunner->process_action(81, 'Async Request')
#5 E:\xampp2\htdocs\lev\lev\app\wordpress\wp-content\plugins\woocommerce\packages\action-scheduler\classes\ActionScheduler_QueueRunner.php(132): ActionScheduler_QueueRunner->do_batch(25, 'Async Request')
#6 E:\xampp2\htdocs\lev\lev\app\wordpress\wp-includes\class-wp-hook.php(292): ActionScheduler_QueueRunner->run('Async Request')
#7 E:\xampp2\htdocs\lev\lev\app\wordpress\wp-includes\class-wp-hook.php(316): WP_Hook->apply_filters('', Array)
#8 E:\xampp2\htdocs\lev\lev\app\wordpress\wp-includes\plugin.php(484): WP_Hook->do_action(Array)
#9 E:\xampp2\htdocs\lev\lev\app\wordpress\wp-content\plugins\woocommerce\packages\action-scheduler\classes\ActionScheduler_AsyncRequest_QueueRunner.php(52): do_action('action_schedule...', 'Async Request')
#10 E:\xampp2\htdocs\lev\lev\app\wordpress\wp-content\plugins\woocommerce\includes\libraries\wp-async-request.php(147): ActionScheduler_AsyncRequest_QueueRunner->handle()
#11 E:\xampp2\htdocs\lev\lev\app\wordpress\wp-includes\class-wp-hook.php(292): WP_Async_Request->maybe_handle('')
#12 E:\xampp2\htdocs\lev\lev\app\wordpress\wp-includes\class-wp-hook.php(316): WP_Hook->apply_filters('', Array)
#13 E:\xampp2\htdocs\lev\lev\app\wordpress\wp-includes\plugin.php(484): WP_Hook->do_action(Array)
#14 E:\xampp2\htdocs\lev\lev\app\wordpress\wp-admin\admin-ajax.php(187): do_action('wp_ajax_as_asyn...')
#15 {main}
  thrown in E:\xampp2\htdocs\lev\lev\app\wordpress\wp-includes\class-wp-hook.php on line 292

2021-05-25T04:33:58+00:00 CRITICAL Uncaught Error: Unknown named parameter $tasks_meta_id in E:\xampp2\htdocs\lev\lev\app\wordpress\wp-includes\class-wp-hook.php:292
Stack trace:
#0 E:\xampp2\htdocs\lev\lev\app\wordpress\wp-includes\class-wp-hook.php(316): WP_Hook->apply_filters('', Array)
#1 E:\xampp2\htdocs\lev\lev\app\wordpress\wp-includes\plugin.php(551): WP_Hook->do_action(Array)
#2 E:\xampp2\htdocs\lev\lev\app\wordpress\wp-content\plugins\woocommerce\packages\action-scheduler\classes\actions\ActionScheduler_Action.php(22): do_action_ref_array('wpforms_admin_n...', Array)
#3 E:\xampp2\htdocs\lev\lev\app\wordpress\wp-content\plugins\woocommerce\packages\action-scheduler\classes\abstracts\ActionScheduler_Abstract_QueueRunner.php(65): ActionScheduler_Action->execute()
#4 E:\xampp2\htdocs\lev\lev\app\wordpress\wp-content\plugins\woocommerce\packages\action-scheduler\classes\ActionScheduler_QueueRunner.php(162): ActionScheduler_Abstract_QueueRunner->process_action(82, 'WP Cron')
#5 E:\xampp2\htdocs\lev\lev\app\wordpress\wp-content\plugins\woocommerce\packages\action-scheduler\classes\ActionScheduler_QueueRunner.php(132): ActionScheduler_QueueRunner->do_batch(25, 'WP Cron')
#6 E:\xampp2\htdocs\lev\lev\app\wordpress\wp-includes\class-wp-hook.php(292): ActionScheduler_QueueRunner->run('WP Cron')
#7 E:\xampp2\htdocs\lev\lev\app\wordpress\wp-includes\class-wp-hook.php(316): WP_Hook->apply_filters('', Array)
#8 E:\xampp2\htdocs\lev\lev\app\wordpress\wp-includes\plugin.php(551): WP_Hook->do_action(Array)
#9 E:\xampp2\htdocs\lev\lev\app\wordpress\wp-cron.php(138): do_action_ref_array('action_schedule...', Array)
#10 {main}
  thrown in E:\xampp2\htdocs\lev\lev\app\wordpress\wp-includes\class-wp-hook.php on line 292

2021-05-25T04:35:02+00:00 CRITICAL Uncaught Error: Unknown named parameter $tasks_meta_id in E:\xampp2\htdocs\lev\lev\app\wordpress\wp-includes\class-wp-hook.php:292
Stack trace:
#0 E:\xampp2\htdocs\lev\lev\app\wordpress\wp-includes\class-wp-hook.php(316): WP_Hook->apply_filters('', Array)
#1 E:\xampp2\htdocs\lev\lev\app\wordpress\wp-includes\plugin.php(551): WP_Hook->do_action(Array)
#2 E:\xampp2\htdocs\lev\lev\app\wordpress\wp-content\plugins\woocommerce\packages\action-scheduler\classes\actions\ActionScheduler_Action.php(22): do_action_ref_array('wpforms_admin_n...', Array)
#3 E:\xampp2\htdocs\lev\lev\app\wordpress\wp-content\plugins\woocommerce\packages\action-scheduler\classes\abstracts\ActionScheduler_Abstract_QueueRunner.php(65): ActionScheduler_Action->execute()
#4 E:\xampp2\htdocs\lev\lev\app\wordpress\wp-content\plugins\woocommerce\packages\action-scheduler\classes\ActionScheduler_QueueRunner.php(162): ActionScheduler_Abstract_QueueRunner->process_action(83, 'WP Cron')
#5 E:\xampp2\htdocs\lev\lev\app\wordpress\wp-content\plugins\woocommerce\packages\action-scheduler\classes\ActionScheduler_QueueRunner.php(132): ActionScheduler_QueueRunner->do_batch(25, 'WP Cron')
#6 E:\xampp2\htdocs\lev\lev\app\wordpress\wp-includes\class-wp-hook.php(292): ActionScheduler_QueueRunner->run('WP Cron')
#7 E:\xampp2\htdocs\lev\lev\app\wordpress\wp-includes\class-wp-hook.php(316): WP_Hook->apply_filters('', Array)
#8 E:\xampp2\htdocs\lev\lev\app\wordpress\wp-includes\plugin.php(551): WP_Hook->do_action(Array)
#9 E:\xampp2\htdocs\lev\lev\app\wordpress\wp-cron.php(138): do_action_ref_array('action_schedule...', Array)
#10 {main}
  thrown in E:\xampp2\htdocs\lev\lev\app\wordpress\wp-includes\class-wp-hook.php on line 292

2021-05-25T04:35:24+00:00 CRITICAL Uncaught Error: Unknown named parameter $tasks_meta_id in E:\xampp2\htdocs\lev\lev\app\wordpress\wp-includes\class-wp-hook.php:292
Stack trace:
#0 E:\xampp2\htdocs\lev\lev\app\wordpress\wp-includes\class-wp-hook.php(316): WP_Hook->apply_filters('', Array)
#1 E:\xampp2\htdocs\lev\lev\app\wordpress\wp-includes\plugin.php(551): WP_Hook->do_action(Array)
#2 E:\xampp2\htdocs\lev\lev\app\wordpress\wp-content\plugins\woocommerce\packages\action-scheduler\classes\actions\ActionScheduler_Action.php(22): do_action_ref_array('wpforms_admin_n...', Array)
#3 E:\xampp2\htdocs\lev\lev\app\wordpress\wp-content\plugins\woocommerce\packages\action-scheduler\classes\abstracts\ActionScheduler_Abstract_QueueRunner.php(65): ActionScheduler_Action->execute()
#4 E:\xampp2\htdocs\lev\lev\app\wordpress\wp-content\plugins\woocommerce\packages\action-scheduler\classes\ActionScheduler_QueueRunner.php(162): ActionScheduler_Abstract_QueueRunner->process_action(84, 'Async Request')
#5 E:\xampp2\htdocs\lev\lev\app\wordpress\wp-content\plugins\woocommerce\packages\action-scheduler\classes\ActionScheduler_QueueRunner.php(132): ActionScheduler_QueueRunner->do_batch(25, 'Async Request')
#6 E:\xampp2\htdocs\lev\lev\app\wordpress\wp-includes\class-wp-hook.php(292): ActionScheduler_QueueRunner->run('Async Request')
#7 E:\xampp2\htdocs\lev\lev\app\wordpress\wp-includes\class-wp-hook.php(316): WP_Hook->apply_filters('', Array)
#8 E:\xampp2\htdocs\lev\lev\app\wordpress\wp-includes\plugin.php(484): WP_Hook->do_action(Array)
#9 E:\xampp2\htdocs\lev\lev\app\wordpress\wp-content\plugins\woocommerce\packages\action-scheduler\classes\ActionScheduler_AsyncRequest_QueueRunner.php(52): do_action('action_schedule...', 'Async Request')
#10 E:\xampp2\htdocs\lev\lev\app\wordpress\wp-content\plugins\woocommerce\includes\libraries\wp-async-request.php(147): ActionScheduler_AsyncRequest_QueueRunner->handle()
#11 E:\xampp2\htdocs\lev\lev\app\wordpress\wp-includes\class-wp-hook.php(292): WP_Async_Request->maybe_handle('')
#12 E:\xampp2\htdocs\lev\lev\app\wordpress\wp-includes\class-wp-hook.php(316): WP_Hook->apply_filters('', Array)
#13 E:\xampp2\htdocs\lev\lev\app\wordpress\wp-includes\plugin.php(484): WP_Hook->do_action(Array)
#14 E:\xampp2\htdocs\lev\lev\app\wordpress\wp-admin\admin-ajax.php(187): do_action('wp_ajax_as_asyn...')
#15 {main}
  thrown in E:\xampp2\htdocs\lev\lev\app\wordpress\wp-includes\class-wp-hook.php on line 292

2021-05-25T04:36:38+00:00 CRITICAL Uncaught Error: Unknown named parameter $tasks_meta_id in E:\xampp2\htdocs\lev\lev\app\wordpress\wp-includes\class-wp-hook.php:292
Stack trace:
#0 E:\xampp2\htdocs\lev\lev\app\wordpress\wp-includes\class-wp-hook.php(316): WP_Hook->apply_filters('', Array)
#1 E:\xampp2\htdocs\lev\lev\app\wordpress\wp-includes\plugin.php(551): WP_Hook->do_action(Array)
#2 E:\xampp2\htdocs\lev\lev\app\wordpress\wp-content\plugins\woocommerce\packages\action-scheduler\classes\actions\ActionScheduler_Action.php(22): do_action_ref_array('wpforms_admin_n...', Array)
#3 E:\xampp2\htdocs\lev\lev\app\wordpress\wp-content\plugins\woocommerce\packages\action-scheduler\classes\abstracts\ActionScheduler_Abstract_QueueRunner.php(65): ActionScheduler_Action->execute()
#4 E:\xampp2\htdocs\lev\lev\app\wordpress\wp-content\plugins\woocommerce\packages\action-scheduler\classes\ActionScheduler_QueueRunner.php(162): ActionScheduler_Abstract_QueueRunner->process_action(85, 'Async Request')
#5 E:\xampp2\htdocs\lev\lev\app\wordpress\wp-content\plugins\woocommerce\packages\action-scheduler\classes\ActionScheduler_QueueRunner.php(132): ActionScheduler_QueueRunner->do_batch(25, 'Async Request')
#6 E:\xampp2\htdocs\lev\lev\app\wordpress\wp-includes\class-wp-hook.php(292): ActionScheduler_QueueRunner->run('Async Request')
#7 E:\xampp2\htdocs\lev\lev\app\wordpress\wp-includes\class-wp-hook.php(316): WP_Hook->apply_filters('', Array)
#8 E:\xampp2\htdocs\lev\lev\app\wordpress\wp-includes\plugin.php(484): WP_Hook->do_action(Array)
#9 E:\xampp2\htdocs\lev\lev\app\wordpress\wp-content\plugins\woocommerce\packages\action-scheduler\classes\ActionScheduler_AsyncRequest_QueueRunner.php(52): do_action('action_schedule...', 'Async Request')
#10 E:\xampp2\htdocs\lev\lev\app\wordpress\wp-content\plugins\woocommerce\includes\libraries\wp-async-request.php(147): ActionScheduler_AsyncRequest_QueueRunner->handle()
#11 E:\xampp2\htdocs\lev\lev\app\wordpress\wp-includes\class-wp-hook.php(292): WP_Async_Request->maybe_handle('')
#12 E:\xampp2\htdocs\lev\lev\app\wordpress\wp-includes\class-wp-hook.php(316): WP_Hook->apply_filters('', Array)
#13 E:\xampp2\htdocs\lev\lev\app\wordpress\wp-includes\plugin.php(484): WP_Hook->do_action(Array)
#14 E:\xampp2\htdocs\lev\lev\app\wordpress\wp-admin\admin-ajax.php(187): do_action('wp_ajax_as_asyn...')
#15 {main}
  thrown in E:\xampp2\htdocs\lev\lev\app\wordpress\wp-includes\class-wp-hook.php on line 292

2021-05-25T04:36:50+00:00 CRITICAL Uncaught Error: Unknown named parameter $tasks_meta_id in E:\xampp2\htdocs\lev\lev\app\wordpress\wp-includes\class-wp-hook.php:292
Stack trace:
#0 E:\xampp2\htdocs\lev\lev\app\wordpress\wp-includes\class-wp-hook.php(316): WP_Hook->apply_filters('', Array)
#1 E:\xampp2\htdocs\lev\lev\app\wordpress\wp-includes\plugin.php(551): WP_Hook->do_action(Array)
#2 E:\xampp2\htdocs\lev\lev\app\wordpress\wp-content\plugins\woocommerce\packages\action-scheduler\classes\actions\ActionScheduler_Action.php(22): do_action_ref_array('wpforms_admin_n...', Array)
#3 E:\xampp2\htdocs\lev\lev\app\wordpress\wp-content\plugins\woocommerce\packages\action-scheduler\classes\abstracts\ActionScheduler_Abstract_QueueRunner.php(65): ActionScheduler_Action->execute()
#4 E:\xampp2\htdocs\lev\lev\app\wordpress\wp-content\plugins\woocommerce\packages\action-scheduler\classes\ActionScheduler_QueueRunner.php(162): ActionScheduler_Abstract_QueueRunner->process_action(86, 'WP Cron')
#5 E:\xampp2\htdocs\lev\lev\app\wordpress\wp-content\plugins\woocommerce\packages\action-scheduler\classes\ActionScheduler_QueueRunner.php(132): ActionScheduler_QueueRunner->do_batch(25, 'WP Cron')
#6 E:\xampp2\htdocs\lev\lev\app\wordpress\wp-includes\class-wp-hook.php(292): ActionScheduler_QueueRunner->run('WP Cron')
#7 E:\xampp2\htdocs\lev\lev\app\wordpress\wp-includes\class-wp-hook.php(316): WP_Hook->apply_filters('', Array)
#8 E:\xampp2\htdocs\lev\lev\app\wordpress\wp-includes\plugin.php(551): WP_Hook->do_action(Array)
#9 E:\xampp2\htdocs\lev\lev\app\wordpress\wp-cron.php(138): do_action_ref_array('action_schedule...', Array)
#10 {main}
  thrown in E:\xampp2\htdocs\lev\lev\app\wordpress\wp-includes\class-wp-hook.php on line 292

2021-05-25T04:37:54+00:00 CRITICAL Uncaught Error: Unknown named parameter $tasks_meta_id in E:\xampp2\htdocs\lev\lev\app\wordpress\wp-includes\class-wp-hook.php:292
Stack trace:
#0 E:\xampp2\htdocs\lev\lev\app\wordpress\wp-includes\class-wp-hook.php(316): WP_Hook->apply_filters('', Array)
#1 E:\xampp2\htdocs\lev\lev\app\wordpress\wp-includes\plugin.php(551): WP_Hook->do_action(Array)
#2 E:\xampp2\htdocs\lev\lev\app\wordpress\wp-content\plugins\woocommerce\packages\action-scheduler\classes\actions\ActionScheduler_Action.php(22): do_action_ref_array('wpforms_admin_n...', Array)
#3 E:\xampp2\htdocs\lev\lev\app\wordpress\wp-content\plugins\woocommerce\packages\action-scheduler\classes\abstracts\ActionScheduler_Abstract_QueueRunner.php(65): ActionScheduler_Action->execute()
#4 E:\xampp2\htdocs\lev\lev\app\wordpress\wp-content\plugins\woocommerce\packages\action-scheduler\classes\ActionScheduler_QueueRunner.php(162): ActionScheduler_Abstract_QueueRunner->process_action(87, 'WP Cron')
#5 E:\xampp2\htdocs\lev\lev\app\wordpress\wp-content\plugins\woocommerce\packages\action-scheduler\classes\ActionScheduler_QueueRunner.php(132): ActionScheduler_QueueRunner->do_batch(25, 'WP Cron')
#6 E:\xampp2\htdocs\lev\lev\app\wordpress\wp-includes\class-wp-hook.php(292): ActionScheduler_QueueRunner->run('WP Cron')
#7 E:\xampp2\htdocs\lev\lev\app\wordpress\wp-includes\class-wp-hook.php(316): WP_Hook->apply_filters('', Array)
#8 E:\xampp2\htdocs\lev\lev\app\wordpress\wp-includes\plugin.php(551): WP_Hook->do_action(Array)
#9 E:\xampp2\htdocs\lev\lev\app\wordpress\wp-cron.php(138): do_action_ref_array('action_schedule...', Array)
#10 {main}
  thrown in E:\xampp2\htdocs\lev\lev\app\wordpress\wp-includes\class-wp-hook.php on line 292

2021-05-25T04:41:43+00:00 CRITICAL Uncaught Error: Unknown named parameter $tasks_meta_id in E:\xampp2\htdocs\lev\lev\app\wordpress\wp-includes\class-wp-hook.php:292
Stack trace:
#0 E:\xampp2\htdocs\lev\lev\app\wordpress\wp-includes\class-wp-hook.php(316): WP_Hook->apply_filters('', Array)
#1 E:\xampp2\htdocs\lev\lev\app\wordpress\wp-includes\plugin.php(551): WP_Hook->do_action(Array)
#2 E:\xampp2\htdocs\lev\lev\app\wordpress\wp-content\plugins\woocommerce\packages\action-scheduler\classes\actions\ActionScheduler_Action.php(22): do_action_ref_array('wpforms_admin_n...', Array)
#3 E:\xampp2\htdocs\lev\lev\app\wordpress\wp-content\plugins\woocommerce\packages\action-scheduler\classes\abstracts\ActionScheduler_Abstract_QueueRunner.php(65): ActionScheduler_Action->execute()
#4 E:\xampp2\htdocs\lev\lev\app\wordpress\wp-content\plugins\woocommerce\packages\action-scheduler\classes\ActionScheduler_QueueRunner.php(162): ActionScheduler_Abstract_QueueRunner->process_action(88, 'WP Cron')
#5 E:\xampp2\htdocs\lev\lev\app\wordpress\wp-content\plugins\woocommerce\packages\action-scheduler\classes\ActionScheduler_QueueRunner.php(132): ActionScheduler_QueueRunner->do_batch(25, 'WP Cron')
#6 E:\xampp2\htdocs\lev\lev\app\wordpress\wp-includes\class-wp-hook.php(292): ActionScheduler_QueueRunner->run('WP Cron')
#7 E:\xampp2\htdocs\lev\lev\app\wordpress\wp-includes\class-wp-hook.php(316): WP_Hook->apply_filters('', Array)
#8 E:\xampp2\htdocs\lev\lev\app\wordpress\wp-includes\plugin.php(551): WP_Hook->do_action(Array)
#9 E:\xampp2\htdocs\lev\lev\app\wordpress\wp-cron.php(138): do_action_ref_array('action_schedule...', Array)
#10 {main}
  thrown in E:\xampp2\htdocs\lev\lev\app\wordpress\wp-includes\class-wp-hook.php on line 292

2021-05-25T04:43:07+00:00 CRITICAL Uncaught Error: Unknown named parameter $tasks_meta_id in E:\xampp2\htdocs\lev\lev\app\wordpress\wp-includes\class-wp-hook.php:292
Stack trace:
#0 E:\xampp2\htdocs\lev\lev\app\wordpress\wp-includes\class-wp-hook.php(316): WP_Hook->apply_filters('', Array)
#1 E:\xampp2\htdocs\lev\lev\app\wordpress\wp-includes\plugin.php(551): WP_Hook->do_action(Array)
#2 E:\xampp2\htdocs\lev\lev\app\wordpress\wp-content\plugins\woocommerce\packages\action-scheduler\classes\actions\ActionScheduler_Action.php(22): do_action_ref_array('wpforms_admin_n...', Array)
#3 E:\xampp2\htdocs\lev\lev\app\wordpress\wp-content\plugins\woocommerce\packages\action-scheduler\classes\abstracts\ActionScheduler_Abstract_QueueRunner.php(65): ActionScheduler_Action->execute()
#4 E:\xampp2\htdocs\lev\lev\app\wordpress\wp-content\plugins\woocommerce\packages\action-scheduler\classes\ActionScheduler_QueueRunner.php(162): ActionScheduler_Abstract_QueueRunner->process_action(89, 'WP Cron')
#5 E:\xampp2\htdocs\lev\lev\app\wordpress\wp-content\plugins\woocommerce\packages\action-scheduler\classes\ActionScheduler_QueueRunner.php(132): ActionScheduler_QueueRunner->do_batch(25, 'WP Cron')
#6 E:\xampp2\htdocs\lev\lev\app\wordpress\wp-includes\class-wp-hook.php(292): ActionScheduler_QueueRunner->run('WP Cron')
#7 E:\xampp2\htdocs\lev\lev\app\wordpress\wp-includes\class-wp-hook.php(316): WP_Hook->apply_filters('', Array)
#8 E:\xampp2\htdocs\lev\lev\app\wordpress\wp-includes\plugin.php(551): WP_Hook->do_action(Array)
#9 E:\xampp2\htdocs\lev\lev\app\wordpress\wp-cron.php(138): do_action_ref_array('action_schedule...', Array)
#10 {main}
  thrown in E:\xampp2\htdocs\lev\lev\app\wordpress\wp-includes\class-wp-hook.php on line 292

2021-05-25T20:04:53+00:00 CRITICAL Uncaught Error: Unknown named parameter $tasks_meta_id in E:\xampp2\htdocs\lev\lev\app\wordpress\wp-includes\class-wp-hook.php:292
Stack trace:
#0 E:\xampp2\htdocs\lev\lev\app\wordpress\wp-includes\class-wp-hook.php(316): WP_Hook->apply_filters('', Array)
#1 E:\xampp2\htdocs\lev\lev\app\wordpress\wp-includes\plugin.php(551): WP_Hook->do_action(Array)
#2 E:\xampp2\htdocs\lev\lev\app\wordpress\wp-content\plugins\woocommerce\packages\action-scheduler\classes\actions\ActionScheduler_Action.php(22): do_action_ref_array('wpforms_admin_n...', Array)
#3 E:\xampp2\htdocs\lev\lev\app\wordpress\wp-content\plugins\woocommerce\packages\action-scheduler\classes\abstracts\ActionScheduler_Abstract_QueueRunner.php(65): ActionScheduler_Action->execute()
#4 E:\xampp2\htdocs\lev\lev\app\wordpress\wp-content\plugins\woocommerce\packages\action-scheduler\classes\ActionScheduler_QueueRunner.php(162): ActionScheduler_Abstract_QueueRunner->process_action(90, 'WP Cron')
#5 E:\xampp2\htdocs\lev\lev\app\wordpress\wp-content\plugins\woocommerce\packages\action-scheduler\classes\ActionScheduler_QueueRunner.php(132): ActionScheduler_QueueRunner->do_batch(25, 'WP Cron')
#6 E:\xampp2\htdocs\lev\lev\app\wordpress\wp-includes\class-wp-hook.php(292): ActionScheduler_QueueRunner->run('WP Cron')
#7 E:\xampp2\htdocs\lev\lev\app\wordpress\wp-includes\class-wp-hook.php(316): WP_Hook->apply_filters('', Array)
#8 E:\xampp2\htdocs\lev\lev\app\wordpress\wp-includes\plugin.php(551): WP_Hook->do_action(Array)
#9 E:\xampp2\htdocs\lev\lev\app\wordpress\wp-cron.php(138): do_action_ref_array('action_schedule...', Array)
#10 {main}
  thrown in E:\xampp2\htdocs\lev\lev\app\wordpress\wp-includes\class-wp-hook.php on line 292

2021-05-25T20:05:10+00:00 CRITICAL Uncaught Error: Unknown named parameter $tasks_meta_id in E:\xampp2\htdocs\lev\lev\app\wordpress\wp-includes\class-wp-hook.php:292
Stack trace:
#0 E:\xampp2\htdocs\lev\lev\app\wordpress\wp-includes\class-wp-hook.php(316): WP_Hook->apply_filters('', Array)
#1 E:\xampp2\htdocs\lev\lev\app\wordpress\wp-includes\plugin.php(551): WP_Hook->do_action(Array)
#2 E:\xampp2\htdocs\lev\lev\app\wordpress\wp-content\plugins\woocommerce\packages\action-scheduler\classes\actions\ActionScheduler_Action.php(22): do_action_ref_array('wpforms_admin_n...', Array)
#3 E:\xampp2\htdocs\lev\lev\app\wordpress\wp-content\plugins\woocommerce\packages\action-scheduler\classes\abstracts\ActionScheduler_Abstract_QueueRunner.php(65): ActionScheduler_Action->execute()
#4 E:\xampp2\htdocs\lev\lev\app\wordpress\wp-content\plugins\woocommerce\packages\action-scheduler\classes\ActionScheduler_QueueRunner.php(162): ActionScheduler_Abstract_QueueRunner->process_action(91, 'Async Request')
#5 E:\xampp2\htdocs\lev\lev\app\wordpress\wp-content\plugins\woocommerce\packages\action-scheduler\classes\ActionScheduler_QueueRunner.php(132): ActionScheduler_QueueRunner->do_batch(25, 'Async Request')
#6 E:\xampp2\htdocs\lev\lev\app\wordpress\wp-includes\class-wp-hook.php(292): ActionScheduler_QueueRunner->run('Async Request')
#7 E:\xampp2\htdocs\lev\lev\app\wordpress\wp-includes\class-wp-hook.php(316): WP_Hook->apply_filters('', Array)
#8 E:\xampp2\htdocs\lev\lev\app\wordpress\wp-includes\plugin.php(484): WP_Hook->do_action(Array)
#9 E:\xampp2\htdocs\lev\lev\app\wordpress\wp-content\plugins\woocommerce\packages\action-scheduler\classes\ActionScheduler_AsyncRequest_QueueRunner.php(52): do_action('action_schedule...', 'Async Request')
#10 E:\xampp2\htdocs\lev\lev\app\wordpress\wp-content\plugins\woocommerce\includes\libraries\wp-async-request.php(147): ActionScheduler_AsyncRequest_QueueRunner->handle()
#11 E:\xampp2\htdocs\lev\lev\app\wordpress\wp-includes\class-wp-hook.php(292): WP_Async_Request->maybe_handle('')
#12 E:\xampp2\htdocs\lev\lev\app\wordpress\wp-includes\class-wp-hook.php(316): WP_Hook->apply_filters('', Array)
#13 E:\xampp2\htdocs\lev\lev\app\wordpress\wp-includes\plugin.php(484): WP_Hook->do_action(Array)
#14 E:\xampp2\htdocs\lev\lev\app\wordpress\wp-admin\admin-ajax.php(187): do_action('wp_ajax_as_asyn...')
#15 {main}
  thrown in E:\xampp2\htdocs\lev\lev\app\wordpress\wp-includes\class-wp-hook.php on line 292

2021-05-25T20:06:01+00:00 CRITICAL Uncaught Error: Unknown named parameter $tasks_meta_id in E:\xampp2\htdocs\lev\lev\app\wordpress\wp-includes\class-wp-hook.php:292
Stack trace:
#0 E:\xampp2\htdocs\lev\lev\app\wordpress\wp-includes\class-wp-hook.php(316): WP_Hook->apply_filters('', Array)
#1 E:\xampp2\htdocs\lev\lev\app\wordpress\wp-includes\plugin.php(551): WP_Hook->do_action(Array)
#2 E:\xampp2\htdocs\lev\lev\app\wordpress\wp-content\plugins\woocommerce\packages\action-scheduler\classes\actions\ActionScheduler_Action.php(22): do_action_ref_array('wpforms_admin_n...', Array)
#3 E:\xampp2\htdocs\lev\lev\app\wordpress\wp-content\plugins\woocommerce\packages\action-scheduler\classes\abstracts\ActionScheduler_Abstract_QueueRunner.php(65): ActionScheduler_Action->execute()
#4 E:\xampp2\htdocs\lev\lev\app\wordpress\wp-content\plugins\woocommerce\packages\action-scheduler\classes\ActionScheduler_QueueRunner.php(162): ActionScheduler_Abstract_QueueRunner->process_action(92, 'WP Cron')
#5 E:\xampp2\htdocs\lev\lev\app\wordpress\wp-content\plugins\woocommerce\packages\action-scheduler\classes\ActionScheduler_QueueRunner.php(132): ActionScheduler_QueueRunner->do_batch(25, 'WP Cron')
#6 E:\xampp2\htdocs\lev\lev\app\wordpress\wp-includes\class-wp-hook.php(292): ActionScheduler_QueueRunner->run('WP Cron')
#7 E:\xampp2\htdocs\lev\lev\app\wordpress\wp-includes\class-wp-hook.php(316): WP_Hook->apply_filters('', Array)
#8 E:\xampp2\htdocs\lev\lev\app\wordpress\wp-includes\plugin.php(551): WP_Hook->do_action(Array)
#9 E:\xampp2\htdocs\lev\lev\app\wordpress\wp-cron.php(138): do_action_ref_array('action_schedule...', Array)
#10 {main}
  thrown in E:\xampp2\htdocs\lev\lev\app\wordpress\wp-includes\class-wp-hook.php on line 292

2021-05-25T20:06:11+00:00 CRITICAL Uncaught Error: Unknown named parameter $tasks_meta_id in E:\xampp2\htdocs\lev\lev\app\wordpress\wp-includes\class-wp-hook.php:292
Stack trace:
#0 E:\xampp2\htdocs\lev\lev\app\wordpress\wp-includes\class-wp-hook.php(316): WP_Hook->apply_filters('', Array)
#1 E:\xampp2\htdocs\lev\lev\app\wordpress\wp-includes\plugin.php(551): WP_Hook->do_action(Array)
#2 E:\xampp2\htdocs\lev\lev\app\wordpress\wp-content\plugins\woocommerce\packages\action-scheduler\classes\actions\ActionScheduler_Action.php(22): do_action_ref_array('wpforms_admin_n...', Array)
#3 E:\xampp2\htdocs\lev\lev\app\wordpress\wp-content\plugins\woocommerce\packages\action-scheduler\classes\abstracts\ActionScheduler_Abstract_QueueRunner.php(65): ActionScheduler_Action->execute()
#4 E:\xampp2\htdocs\lev\lev\app\wordpress\wp-content\plugins\woocommerce\packages\action-scheduler\classes\ActionScheduler_QueueRunner.php(162): ActionScheduler_Abstract_QueueRunner->process_action(93, 'Async Request')
#5 E:\xampp2\htdocs\lev\lev\app\wordpress\wp-content\plugins\woocommerce\packages\action-scheduler\classes\ActionScheduler_QueueRunner.php(132): ActionScheduler_QueueRunner->do_batch(25, 'Async Request')
#6 E:\xampp2\htdocs\lev\lev\app\wordpress\wp-includes\class-wp-hook.php(292): ActionScheduler_QueueRunner->run('Async Request')
#7 E:\xampp2\htdocs\lev\lev\app\wordpress\wp-includes\class-wp-hook.php(316): WP_Hook->apply_filters('', Array)
#8 E:\xampp2\htdocs\lev\lev\app\wordpress\wp-includes\plugin.php(484): WP_Hook->do_action(Array)
#9 E:\xampp2\htdocs\lev\lev\app\wordpress\wp-content\plugins\woocommerce\packages\action-scheduler\classes\ActionScheduler_AsyncRequest_QueueRunner.php(52): do_action('action_schedule...', 'Async Request')
#10 E:\xampp2\htdocs\lev\lev\app\wordpress\wp-content\plugins\woocommerce\includes\libraries\wp-async-request.php(147): ActionScheduler_AsyncRequest_QueueRunner->handle()
#11 E:\xampp2\htdocs\lev\lev\app\wordpress\wp-includes\class-wp-hook.php(292): WP_Async_Request->maybe_handle('')
#12 E:\xampp2\htdocs\lev\lev\app\wordpress\wp-includes\class-wp-hook.php(316): WP_Hook->apply_filters('', Array)
#13 E:\xampp2\htdocs\lev\lev\app\wordpress\wp-includes\plugin.php(484): WP_Hook->do_action(Array)
#14 E:\xampp2\htdocs\lev\lev\app\wordpress\wp-admin\admin-ajax.php(187): do_action('wp_ajax_as_asyn...')
#15 {main}
  thrown in E:\xampp2\htdocs\lev\lev\app\wordpress\wp-includes\class-wp-hook.php on line 292

2021-05-25T20:07:49+00:00 CRITICAL Uncaught Error: Unknown named parameter $tasks_meta_id in E:\xampp2\htdocs\lev\lev\app\shop\wp-includes\class-wp-hook.php:292
Stack trace:
#0 E:\xampp2\htdocs\lev\lev\app\shop\wp-includes\class-wp-hook.php(316): WP_Hook->apply_filters('', Array)
#1 E:\xampp2\htdocs\lev\lev\app\shop\wp-includes\plugin.php(551): WP_Hook->do_action(Array)
#2 E:\xampp2\htdocs\lev\lev\app\shop\wp-content\plugins\woocommerce\packages\action-scheduler\classes\actions\ActionScheduler_Action.php(22): do_action_ref_array('wpforms_admin_n...', Array)
#3 E:\xampp2\htdocs\lev\lev\app\shop\wp-content\plugins\woocommerce\packages\action-scheduler\classes\abstracts\ActionScheduler_Abstract_QueueRunner.php(65): ActionScheduler_Action->execute()
#4 E:\xampp2\htdocs\lev\lev\app\shop\wp-content\plugins\woocommerce\packages\action-scheduler\classes\ActionScheduler_QueueRunner.php(162): ActionScheduler_Abstract_QueueRunner->process_action(94, 'Async Request')
#5 E:\xampp2\htdocs\lev\lev\app\shop\wp-content\plugins\woocommerce\packages\action-scheduler\classes\ActionScheduler_QueueRunner.php(132): ActionScheduler_QueueRunner->do_batch(25, 'Async Request')
#6 E:\xampp2\htdocs\lev\lev\app\shop\wp-includes\class-wp-hook.php(292): ActionScheduler_QueueRunner->run('Async Request')
#7 E:\xampp2\htdocs\lev\lev\app\shop\wp-includes\class-wp-hook.php(316): WP_Hook->apply_filters('', Array)
#8 E:\xampp2\htdocs\lev\lev\app\shop\wp-includes\plugin.php(484): WP_Hook->do_action(Array)
#9 E:\xampp2\htdocs\lev\lev\app\shop\wp-content\plugins\woocommerce\packages\action-scheduler\classes\ActionScheduler_AsyncRequest_QueueRunner.php(52): do_action('action_schedule...', 'Async Request')
#10 E:\xampp2\htdocs\lev\lev\app\shop\wp-content\plugins\woocommerce\includes\libraries\wp-async-request.php(147): ActionScheduler_AsyncRequest_QueueRunner->handle()
#11 E:\xampp2\htdocs\lev\lev\app\shop\wp-includes\class-wp-hook.php(292): WP_Async_Request->maybe_handle('')
#12 E:\xampp2\htdocs\lev\lev\app\shop\wp-includes\class-wp-hook.php(316): WP_Hook->apply_filters('', Array)
#13 E:\xampp2\htdocs\lev\lev\app\shop\wp-includes\plugin.php(484): WP_Hook->do_action(Array)
#14 E:\xampp2\htdocs\lev\lev\app\shop\wp-admin\admin-ajax.php(202): do_action('wp_ajax_nopriv_...')
#15 {main}
  thrown in E:\xampp2\htdocs\lev\lev\app\shop\wp-includes\class-wp-hook.php on line 292

2021-05-25T20:36:50+00:00 CRITICAL Uncaught Error: Unknown named parameter $tasks_meta_id in E:\xampp2\htdocs\lev\lev\app\shop\wp-includes\class-wp-hook.php:292
Stack trace:
#0 E:\xampp2\htdocs\lev\lev\app\shop\wp-includes\class-wp-hook.php(316): WP_Hook->apply_filters('', Array)
#1 E:\xampp2\htdocs\lev\lev\app\shop\wp-includes\plugin.php(551): WP_Hook->do_action(Array)
#2 E:\xampp2\htdocs\lev\lev\app\shop\wp-content\plugins\woocommerce\packages\action-scheduler\classes\actions\ActionScheduler_Action.php(22): do_action_ref_array('wpforms_admin_n...', Array)
#3 E:\xampp2\htdocs\lev\lev\app\shop\wp-content\plugins\woocommerce\packages\action-scheduler\classes\abstracts\ActionScheduler_Abstract_QueueRunner.php(65): ActionScheduler_Action->execute()
#4 E:\xampp2\htdocs\lev\lev\app\shop\wp-content\plugins\woocommerce\packages\action-scheduler\classes\ActionScheduler_QueueRunner.php(162): ActionScheduler_Abstract_QueueRunner->process_action(95, 'Async Request')
#5 E:\xampp2\htdocs\lev\lev\app\shop\wp-content\plugins\woocommerce\packages\action-scheduler\classes\ActionScheduler_QueueRunner.php(132): ActionScheduler_QueueRunner->do_batch(25, 'Async Request')
#6 E:\xampp2\htdocs\lev\lev\app\shop\wp-includes\class-wp-hook.php(292): ActionScheduler_QueueRunner->run('Async Request')
#7 E:\xampp2\htdocs\lev\lev\app\shop\wp-includes\class-wp-hook.php(316): WP_Hook->apply_filters('', Array)
#8 E:\xampp2\htdocs\lev\lev\app\shop\wp-includes\plugin.php(484): WP_Hook->do_action(Array)
#9 E:\xampp2\htdocs\lev\lev\app\shop\wp-content\plugins\woocommerce\packages\action-scheduler\classes\ActionScheduler_AsyncRequest_QueueRunner.php(52): do_action('action_schedule...', 'Async Request')
#10 E:\xampp2\htdocs\lev\lev\app\shop\wp-content\plugins\woocommerce\includes\libraries\wp-async-request.php(147): ActionScheduler_AsyncRequest_QueueRunner->handle()
#11 E:\xampp2\htdocs\lev\lev\app\shop\wp-includes\class-wp-hook.php(292): WP_Async_Request->maybe_handle('')
#12 E:\xampp2\htdocs\lev\lev\app\shop\wp-includes\class-wp-hook.php(316): WP_Hook->apply_filters('', Array)
#13 E:\xampp2\htdocs\lev\lev\app\shop\wp-includes\plugin.php(484): WP_Hook->do_action(Array)
#14 E:\xampp2\htdocs\lev\lev\app\shop\wp-admin\admin-ajax.php(187): do_action('wp_ajax_as_asyn...')
#15 {main}
  thrown in E:\xampp2\htdocs\lev\lev\app\shop\wp-includes\class-wp-hook.php on line 292

2021-05-25T20:37:43+00:00 CRITICAL Uncaught Error: Unknown named parameter $tasks_meta_id in E:\xampp2\htdocs\lev\lev\app\shop\wp-includes\class-wp-hook.php:292
Stack trace:
#0 E:\xampp2\htdocs\lev\lev\app\shop\wp-includes\class-wp-hook.php(316): WP_Hook->apply_filters('', Array)
#1 E:\xampp2\htdocs\lev\lev\app\shop\wp-includes\plugin.php(551): WP_Hook->do_action(Array)
#2 E:\xampp2\htdocs\lev\lev\app\shop\wp-content\plugins\woocommerce\packages\action-scheduler\classes\actions\ActionScheduler_Action.php(22): do_action_ref_array('wpforms_admin_n...', Array)
#3 E:\xampp2\htdocs\lev\lev\app\shop\wp-content\plugins\woocommerce\packages\action-scheduler\classes\abstracts\ActionScheduler_Abstract_QueueRunner.php(65): ActionScheduler_Action->execute()
#4 E:\xampp2\htdocs\lev\lev\app\shop\wp-content\plugins\woocommerce\packages\action-scheduler\classes\ActionScheduler_QueueRunner.php(162): ActionScheduler_Abstract_QueueRunner->process_action(96, 'WP Cron')
#5 E:\xampp2\htdocs\lev\lev\app\shop\wp-content\plugins\woocommerce\packages\action-scheduler\classes\ActionScheduler_QueueRunner.php(132): ActionScheduler_QueueRunner->do_batch(25, 'WP Cron')
#6 E:\xampp2\htdocs\lev\lev\app\shop\wp-includes\class-wp-hook.php(292): ActionScheduler_QueueRunner->run('WP Cron')
#7 E:\xampp2\htdocs\lev\lev\app\shop\wp-includes\class-wp-hook.php(316): WP_Hook->apply_filters('', Array)
#8 E:\xampp2\htdocs\lev\lev\app\shop\wp-includes\plugin.php(551): WP_Hook->do_action(Array)
#9 E:\xampp2\htdocs\lev\lev\app\shop\wp-cron.php(138): do_action_ref_array('action_schedule...', Array)
#10 {main}
  thrown in E:\xampp2\htdocs\lev\lev\app\shop\wp-includes\class-wp-hook.php on line 292

